<!--
  ~ Copyright (c) 2013 KloudTek Ltd
  -->

<project name="Test Reconfigure" xmlns:bm="antlib:com.kloudtek.buildmagic">
    <target name="testAddNewProperties">
        <bm:recfg file="${ear}" destFile="${destear}">
            <propertyfile path="META-INF/test.properties">
                <entry key="testkey1" value="testvalue1"/>
                <entry key="testkey2" value="testvalue2"/>
            </propertyfile>
        </bm:recfg>
    </target>

    <target name="testAddNewPropertiesInNestedWar">
        <bm:recfg file="${ear}" destFile="${destear}">
            <propertyfile path="testwar.war/WEB-INF/classes/test.properties">
                <entry key="testkey3" value="testvalue3"/>
                <entry key="testkey4" value="testvalue4"/>
            </propertyfile>
        </bm:recfg>
    </target>

    <target name="testModifyPropertiesInNestedWar">
        <bm:recfg file="${ear}" destFile="${destear}">
            <propertyfile path="testwar.war/WEB-INF/test.properties">
                <entry key="chuck" value="norris"/>
                <entry key="bla" operation="del"/>
                <entry key="testkey5" value="testvalue5"/>
                <entry key="testkey6" value="testvalue6"/>
            </propertyfile>
        </bm:recfg>
    </target>

    <target name="multipleActionsOnSamePath">
        <bm:recfg file="${ear}" destFile="${destear}">
            <propertyfile path="/testwar.war/WEB-INF/classes/test.properties">
                <entry key="testkey1" value="testvalue1"/>
            </propertyfile>
            <regexreplace path="/testwar.war/WEB-INF/classes/test.properties">
                <replace regex="tval" value="XXX"/>
            </regexreplace>
        </bm:recfg>
    </target>

    <target name="conditionalActions">
        <bm:recfg file="${ear}" destFile="${destear}">
            <propertyfile path="META-INF/dontcreate.properties">
                <equals arg1="bla" arg2="ble"/>
                <entry key="testkey1" value="testvalue1"/>
            </propertyfile>
            <propertyfile path="META-INF/test2.properties">
                <entry key="testkey1" value="testvalue1">
                    <equals arg1="bla" arg2="ble"/>
                </entry>
                <entry key="testkey2" value="testvalue2"/>
                <entry key="testkey3" value="testvalue3">
                    <equals arg1="ya" arg2="ya"/>
                </entry>
            </propertyfile>
            <xml path="/testejb1.jar/META-INF/persistence.xml">
                <set xpath="//property[@name='debugLevel']/@value" value="low">
                    <equals arg1="bla" arg2="ble"/>
                </set>
            </xml>
        </bm:recfg>
    </target>

    <target name="updateXmlAttr">
        <bm:recfg file="${ear}" destFile="${destear}">
            <xml path="/testejb1.jar/META-INF/persistence.xml">
                <set xpath="//property[@name='debugLevel']/@value" value="low"/>
                <set xpath="//class[contains(text(),'Entity2')]/text()" value="somepackage.SomeOtherClass"/>
                <del xpath="//property[@name='selfdestruct']"/>
            </xml>
        </bm:recfg>
    </target>

    <target name="regexReplace">
        <bm:recfg file="${ear}" destFile="${destear}">
            <regexreplace path="/testejb1.jar/META-INF/persistence.xml">
                <replace regex="pleDat" value="XX"/>
                <replace regex="urceJ" value="YY">
                    <equals arg1="asdf" arg2="asdf"/>
                </replace>
                <replace regex="ex" value="OOOOO">
                    <equals arg1="adf" arg2="bbb"/>
                </replace>
            </regexreplace>
            <regexreplace path="/testejb1.jar/META-INF/ejb-jar.xml">
                <replace regex="TestBean" value="BadBean"/>
            </regexreplace>
        </bm:recfg>
    </target>

    <target name="testInsert">
        <bm:recfg file="${ear}" destFile="${destear}">
            <insert path='/testejb1.jar/META-INF/test-reconfigure.xml' file='test-reconfigure.xml'/>
        </bm:recfg>
    </target>

    <target name="xmlSource">
        <bm:recfg file="${ear}" destFile="${destear}" xmlSource="${xmlSource}">
            <propertyfile path="META-INF/fromXml.properties">
                <entry key="testkey1" xmlValue="//property[@name]/@value"/>
            </propertyfile>
        </bm:recfg>
    </target>

    <target name="testStrictCausesFailure">
        <bm:recfg file="${ear}" destFile="${destear}" strict="true">
            <xml path="/testejb1.jar/META-INF/persistence.xml">
                <set xpath="//xx[@name='debugLevel']/@value" value="low"/>
                <del xpath="//xx[@name='selfdestruct']"/>
            </xml>
        </bm:recfg>
    </target>

    <target name="testNotStrictStopsFailure">
        <bm:recfg file="${ear}" destFile="${destear}" strict="false">
            <xml path="/testejb1.jar/META-INF/persistence.xml">
                <set xpath="//xx[@name='debugLevel']/@value" value="low"/>
                <del xpath="//xx[@name='selfdestruct']"/>
            </xml>
        </bm:recfg>
    </target>
</project>